<?xml version="1.0" encoding="UTF-8"?>
<!-- Generated by org.testng.reporters.JUnitXMLReporter -->
<testsuite ignored="0" hostname="DESKTOP-GNRAU10" failures="1" tests="2" name="Test" time="14.157" errors="0" timestamp="2023-06-14T15:26:38 IST">
  <testcase classname="testCases.TC_001_AccountRegistrationTest" name="test_registrationaccount" time="2.893">
    <failure type="java.lang.AssertionError" message="expected [Your registration completed] but found []">
      <![CDATA[java.lang.AssertionError: expected [Your registration completed] but found []
at testCases.TC_001_AccountRegistrationTest.test_registrationaccount(TC_001_AccountRegistrationTest.java:36)
at java.base/java.util.ArrayList.forEach(ArrayList.java:1511)
... Removed 35 stack frames]]>
    </failure>
  </testcase> <!-- test_registrationaccount -->
  <testcase classname="testCases.TC_002_LoginTest" name="test_login" time="2.029"/>
</testsuite> <!-- Test -->
