<?xml version="1.0" encoding="UTF-8"?>
<testng-results ignored="0" total="2" passed="2" failed="0" skipped="0">
  <reporter-output>
  </reporter-output>
  <suite started-at="2023-06-14T14:26:43 IST" name="Suite" finished-at="2023-06-14T14:26:59 IST" duration-ms="15703">
    <groups>
      <group name="Master">
        <method signature="TC_001_AccountRegistrationTest.test_registrationaccount()[pri:0, instance:testCases.TC_001_AccountRegistrationTest@245b4bdc]" name="test_registrationaccount" class="testCases.TC_001_AccountRegistrationTest"/>
        <method signature="TC_002_LoginTest.test_login()[pri:0, instance:testCases.TC_002_LoginTest@2d7275fc]" name="test_login" class="testCases.TC_002_LoginTest"/>
      </group> <!-- Master -->
      <group name="Sanity">
        <method signature="TC_002_LoginTest.test_login()[pri:0, instance:testCases.TC_002_LoginTest@2d7275fc]" name="test_login" class="testCases.TC_002_LoginTest"/>
      </group> <!-- Sanity -->
      <group name="Regression">
        <method signature="TC_001_AccountRegistrationTest.test_registrationaccount()[pri:0, instance:testCases.TC_001_AccountRegistrationTest@245b4bdc]" name="test_registrationaccount" class="testCases.TC_001_AccountRegistrationTest"/>
      </group> <!-- Regression -->
    </groups>
    <test started-at="2023-06-14T14:26:43 IST" name="Test" finished-at="2023-06-14T14:26:59 IST" duration-ms="15703">
      <class name="testCases.TC_001_AccountRegistrationTest">
        <test-method is-config="true" signature="setup(java.lang.String)[pri:0, instance:testCases.TC_001_AccountRegistrationTest@245b4bdc]" started-at="2023-06-14T14:26:44 IST" name="setup" finished-at="2023-06-14T14:26:49 IST" duration-ms="4760" status="PASS">
          <params>
            <param index="0">
              <value>
                <![CDATA[chrome]]>
              </value>
            </param>
          </params>
          <reporter-output>
          </reporter-output>
        </test-method> <!-- setup -->
        <test-method signature="test_registrationaccount()[pri:0, instance:testCases.TC_001_AccountRegistrationTest@245b4bdc]" started-at="2023-06-14T14:26:49 IST" name="test_registrationaccount" finished-at="2023-06-14T14:26:55 IST" duration-ms="6300" status="PASS">
          <reporter-output>
          </reporter-output>
        </test-method> <!-- test_registrationaccount -->
      </class> <!-- testCases.TC_001_AccountRegistrationTest -->
      <class name="testCases.TC_002_LoginTest">
        <test-method is-config="true" signature="setup(java.lang.String)[pri:0, instance:testCases.TC_002_LoginTest@2d7275fc]" started-at="2023-06-14T14:26:55 IST" name="setup" finished-at="2023-06-14T14:26:58 IST" duration-ms="2848" status="PASS">
          <params>
            <param index="0">
              <value>
                <![CDATA[chrome]]>
              </value>
            </param>
          </params>
          <reporter-output>
          </reporter-output>
        </test-method> <!-- setup -->
        <test-method signature="test_login()[pri:0, instance:testCases.TC_002_LoginTest@2d7275fc]" started-at="2023-06-14T14:26:58 IST" name="test_login" finished-at="2023-06-14T14:26:59 IST" duration-ms="1405" status="PASS">
          <reporter-output>
          </reporter-output>
        </test-method> <!-- test_login -->
      </class> <!-- testCases.TC_002_LoginTest -->
    </test> <!-- Test -->
  </suite> <!-- Suite -->
</testng-results>
